2016-12-02 21:59:06.314 INFO  (main) [   ] o.e.j.s.Server jetty-9.3.8.v20160314
2016-12-02 21:59:06.571 INFO  (main) [   ] o.a.s.s.SolrDispatchFilter  ___      _       Welcome to Apache Solr™ version 6.3.0
2016-12-02 21:59:06.571 INFO  (main) [   ] o.a.s.s.SolrDispatchFilter / __| ___| |_ _   Starting in standalone mode on port 8983
2016-12-02 21:59:06.572 INFO  (main) [   ] o.a.s.s.SolrDispatchFilter \__ \/ _ \ | '_|  Install dir: /home/cedia/Ext/EnlacesCEPAL/sld/solr-6.3.0
2016-12-02 21:59:06.629 INFO  (main) [   ] o.a.s.s.SolrDispatchFilter |___/\___/_|_|    Start time: 2016-12-02T21:59:06.573Z
2016-12-02 21:59:06.630 INFO  (main) [   ] o.a.s.s.StartupLoggingUtils Property solr.log.muteconsole given. Muting ConsoleAppender named CONSOLE
2016-12-02 21:59:06.646 INFO  (main) [   ] o.a.s.c.SolrResourceLoader Using system property solr.solr.home: /home/cedia/Ext/EnlacesCEPAL/sld/solr-6.3.0/server/solr
2016-12-02 21:59:06.651 INFO  (main) [   ] o.a.s.c.SolrXmlConfig Loading container configuration from /home/cedia/Ext/EnlacesCEPAL/sld/solr-6.3.0/server/solr/solr.xml
2016-12-02 21:59:06.982 INFO  (main) [   ] o.a.s.u.UpdateShardHandler Creating UpdateShardHandler HTTP client with params: socketTimeout=600000&connTimeout=60000&retry=true
2016-12-02 21:59:07.047 INFO  (main) [   ] o.a.s.c.CorePropertiesLocator Found 1 core definitions underneath /home/cedia/Ext/EnlacesCEPAL/sld/solr-6.3.0/server/solr
2016-12-02 21:59:07.054 INFO  (main) [   ] o.a.s.c.CorePropertiesLocator Cores are: [cepal]
2016-12-02 21:59:07.083 INFO  (main) [   ] o.e.j.s.ServerConnector Started ServerConnector@77f1baf5{HTTP/1.1,[http/1.1]}{0.0.0.0:8983}
2016-12-02 21:59:07.084 INFO  (main) [   ] o.e.j.s.Server Started @1332ms
2016-12-02 21:59:07.152 INFO  (coreLoadExecutor-6-thread-1) [   ] o.a.s.c.SolrResourceLoader [cepal] Added 51 libs to classloader, from paths: [/home/cedia/Ext/EnlacesCEPAL/sld/solr-6.3.0/contrib/clustering/lib, /home/cedia/Ext/EnlacesCEPAL/sld/solr-6.3.0/contrib/extraction/lib, /home/cedia/Ext/EnlacesCEPAL/sld/solr-6.3.0/contrib/langid/lib, /home/cedia/Ext/EnlacesCEPAL/sld/solr-6.3.0/contrib/velocity/lib, /home/cedia/Ext/EnlacesCEPAL/sld/solr-6.3.0/dist]
2016-12-02 21:59:07.320 INFO  (coreLoadExecutor-6-thread-1) [   ] o.a.s.c.SolrConfig Using Lucene MatchVersion: 6.3.0
2016-12-02 21:59:07.583 INFO  (coreLoadExecutor-6-thread-1) [   ] o.a.s.s.IndexSchema [cepal] Schema name=cepal
2016-12-02 21:59:08.428 INFO  (coreLoadExecutor-6-thread-1) [   ] o.a.s.s.IndexSchema Loaded schema cepal/1.6 with uniqueid field uri
2016-12-02 21:59:08.466 INFO  (coreLoadExecutor-6-thread-1) [   ] o.a.s.c.CoreContainer Creating SolrCore 'cepal' using configuration from instancedir /home/cedia/Ext/EnlacesCEPAL/sld/solr-6.3.0/server/solr/cepal
2016-12-02 21:59:08.508 INFO  (coreLoadExecutor-6-thread-1) [   x:cepal] o.a.s.c.SolrCore [[cepal] ] Opening new SolrCore at [/home/cedia/Ext/EnlacesCEPAL/sld/solr-6.3.0/server/solr/cepal], dataDir=[/home/cedia/Ext/EnlacesCEPAL/sld/solr-6.3.0/server/solr/cepal/cepal_data/]
2016-12-02 21:59:08.685 INFO  (coreLoadExecutor-6-thread-1) [   x:cepal] o.a.s.r.XSLTResponseWriter xsltCacheLifetimeSeconds=5
2016-12-02 21:59:09.033 INFO  (coreLoadExecutor-6-thread-1) [   x:cepal] o.a.s.u.UpdateHandler Using UpdateLog implementation: org.apache.solr.update.UpdateLog
2016-12-02 21:59:09.033 INFO  (coreLoadExecutor-6-thread-1) [   x:cepal] o.a.s.u.UpdateLog Initializing UpdateLog: dataDir= defaultSyncLevel=FLUSH numRecordsToKeep=100 maxNumLogsToKeep=10 numVersionBuckets=65536
2016-12-02 21:59:09.039 INFO  (coreLoadExecutor-6-thread-1) [   x:cepal] o.a.s.u.CommitTracker Hard AutoCommit: if uncommited for 15000ms; 
2016-12-02 21:59:09.040 INFO  (coreLoadExecutor-6-thread-1) [   x:cepal] o.a.s.u.CommitTracker Soft AutoCommit: disabled
2016-12-02 21:59:09.055 INFO  (coreLoadExecutor-6-thread-1) [   x:cepal] o.a.s.s.SolrIndexSearcher Opening [Searcher@716eb00c[cepal] main]
2016-12-02 21:59:09.061 INFO  (coreLoadExecutor-6-thread-1) [   x:cepal] o.a.s.r.ManagedResourceStorage File-based storage initialized to use dir: /home/cedia/Ext/EnlacesCEPAL/sld/solr-6.3.0/server/solr/cepal/conf
2016-12-02 21:59:09.074 INFO  (coreLoadExecutor-6-thread-1) [   x:cepal] o.a.s.h.c.SpellCheckComponent Initializing spell checkers
2016-12-02 21:59:09.079 INFO  (coreLoadExecutor-6-thread-1) [   x:cepal] o.a.s.s.DirectSolrSpellChecker init: {name=default,field=_text_,classname=solr.DirectSolrSpellChecker,distanceMeasure=internal,accuracy=0.5,maxEdits=2,minPrefix=1,maxInspections=5,minQueryLength=4,maxQueryFrequency=0.01}
2016-12-02 21:59:09.081 INFO  (coreLoadExecutor-6-thread-1) [   x:cepal] o.a.s.h.c.QueryElevationComponent Loading QueryElevation from: /home/cedia/Ext/EnlacesCEPAL/sld/solr-6.3.0/server/solr/cepal/conf/elevate.xml
2016-12-02 21:59:09.091 INFO  (coreLoadExecutor-6-thread-1) [   x:cepal] o.a.s.h.ReplicationHandler Commits will be reserved for  10000
2016-12-02 21:59:09.109 INFO  (searcherExecutor-7-thread-1-processing-x:cepal) [   x:cepal] o.a.s.c.QuerySenderListener QuerySenderListener sending requests to Searcher@716eb00c[cepal] main{ExitableDirectoryReader(UninvertingDirectoryReader())}
2016-12-02 21:59:09.109 INFO  (searcherExecutor-7-thread-1-processing-x:cepal) [   x:cepal] o.a.s.c.QuerySenderListener QuerySenderListener done.
2016-12-02 21:59:09.109 INFO  (searcherExecutor-7-thread-1-processing-x:cepal) [   x:cepal] o.a.s.h.c.SpellCheckComponent Loading spell index for spellchecker: default
2016-12-02 21:59:09.109 INFO  (searcherExecutor-7-thread-1-processing-x:cepal) [   x:cepal] o.a.s.c.SolrCore [cepal] Registered new searcher Searcher@716eb00c[cepal] main{ExitableDirectoryReader(UninvertingDirectoryReader())}
2016-12-02 21:59:09.112 INFO  (coreLoadExecutor-6-thread-1) [   x:cepal] o.a.s.u.UpdateLog Could not find max version in index or recent updates, using new clock 1552643207056064512
2016-12-02 22:59:56.467 INFO  (Thread-0) [   ] o.e.j.s.ServerConnector Stopped ServerConnector@77f1baf5{HTTP/1.1,[http/1.1]}{0.0.0.0:8983}
2016-12-02 22:59:56.468 INFO  (Thread-0) [   ] o.a.s.c.CoreContainer Shutting down CoreContainer instance=1003752023
2016-12-02 22:59:56.476 INFO  (coreCloseExecutor-12-thread-1) [   x:cepal] o.a.s.c.SolrCore [cepal]  CLOSING SolrCore org.apache.solr.core.SolrCore@30e96236
2016-12-02 22:59:56.492 WARN  (Thread-0) [   ] o.e.j.s.ServletContextHandler ServletContextHandler.setHandler should not be called directly. Use insertHandler or setSessionHandler etc.
